<?xml version="1.0" encoding="UTF-8"?>
<testsuite xmlns:xsi="http://www.w3.org/2001/XMLSchema-instance" xsi:noNamespaceSchemaLocation="https://maven.apache.org/surefire/maven-failsafe-plugin/xsd/failsafe-test-report-3.0.xsd" version="3.0" name="com.example.it.GreetingServiceTest" time="8.155" tests="1" errors="0" skipped="0" failures="0">
  <properties>
    <property name="awt.toolkit" value="sun.awt.X11.XToolkit"/>
    <property name="env.TERM" value="xterm"/>
    <property name="java.specification.version" value="11"/>
    <property name="sun.jnu.encoding" value="UTF-8"/>
    <property name="sun.arch.data.model" value="64"/>
    <property name="com.ibm.vm.bitmode" value="64"/>
    <property name="env.GDK_BACKEND" value="x11"/>
    <property name="java.vendor.url" value="https://adoptopenjdk.net/"/>
    <property name="env.SNAP_LIBRARY_PATH" value="/var/lib/snapd/lib/gl:/var/lib/snapd/lib/gl32:/var/lib/snapd/void"/>
    <property name="env.GNOME_SETUP_DISPLAY" value=":1"/>
    <property name="sun.boot.library.path" value="/usr/local/jdk-11.0.9+11/lib/compressedrefs:/usr/local/jdk-11.0.9+11/lib"/>
    <property name="sun.java.command" value="/home/avbravo/NetBeansProjects/j/jmoordb-corebookexamples/jmoordb-corebookexamples/backup/target/surefire/surefirebooter-20221130155958120_3.jar /home/avbravo/NetBeansProjects/j/jmoordb-corebookexamples/jmoordb-corebookexamples/backup/target/surefire 2022-11-30T15-59-57_937-jvmRun1 surefire-20221130155958120_1tmp surefire_0-20221130155958120_2tmp"/>
    <property name="env.SNAP_INSTANCE_NAME" value="netbeans"/>
    <property name="java.specification.vendor" value="Oracle Corporation"/>
    <property name="env.GIO_LAUNCHED_DESKTOP_FILE" value="/var/lib/snapd/desktop/applications/netbeans_netbeans.desktop"/>
    <property name="env.SNAP_ARCH" value="amd64"/>
    <property name="java.version.date" value="2020-10-20"/>
    <property name="env.JAVA_HOME" value="/usr/local/jdk-11.0.9+11"/>
    <property name="java.home" value="/usr/local/jdk-11.0.9+11"/>
    <property name="env.GDMSESSION" value="ubuntu"/>
    <property name="env.J2D_PIXMAPS" value="shared"/>
    <property name="ibm.signalhandling.rs" value="false"/>
    <property name="env.SNAP_INSTANCE_KEY" value=""/>
    <property name="basedir" value="/home/avbravo/NetBeansProjects/j/jmoordb-corebookexamples/jmoordb-corebookexamples/backup"/>
    <property name="jdk.extensions.name" value="Extensions for OpenJDK for Eclipse OpenJ9"/>
    <property name="file.separator" value="/"/>
    <property name="line.separator" value="&#10;"/>
    <property name="java.specification.name" value="Java Platform API Specification"/>
    <property name="java.vm.specification.vendor" value="Oracle Corporation"/>
    <property name="env.MANAGERPID" value="2934"/>
    <property name="sun.java.launcher.pid" value="6628"/>
    <property name="env.SNAP_REAL_HOME" value="/home/avbravo"/>
    <property name="env.GNOME_DESKTOP_SESSION_ID" value="this-is-deprecated"/>
    <property name="java.awt.fonts" value=""/>
    <property name="env.GJS_DEBUG_OUTPUT" value="stderr"/>
    <property name="java.fullversion" value="11.0.9+11&#10;JRE 11 Linux amd64-64-Bit Compressed References 20201022_810 (JIT enabled, AOT enabled)&#10;OpenJ9   - 0394ef754&#10;OMR      - 582366ae5&#10;JCL      - 3b09cfd7e9 based on jdk-11.0.9+11"/>
    <property name="java.runtime.version" value="11.0.9+11"/>
    <property name="user.name" value="avbravo"/>
    <property name="env.PATH" value="/usr/local/sbin:/usr/local/bin:/usr/sbin:/usr/bin:/sbin:/bin:/usr/games:/usr/local/games:/snap/bin:/snap/bin:/usr/local/jdk-11.0.9+11/bin:/home/avbravo/go/bin:/home/avbravo/chromedriver_linux64:/usr/local/jdk-11.0.9+11/bin:/home/avbravo/go/bin:/home/avbravo/chromedriver_linux64"/>
    <property name="env.SNAP_COOKIE" value="VTo_41YDyHY_PaFUbLyE5q825GDo4rZ12RVHs9TBQk0k7uKi6tLl"/>
    <property name="env.LOGNAME" value="avbravo"/>
    <property name="file.encoding" value="UTF-8"/>
    <property name="java.vendor.version" value="AdoptOpenJDK"/>
    <property name="env._" value="/usr/bin/mvn"/>
    <property name="env.XDG_SESSION_DESKTOP" value="ubuntu"/>
    <property name="env.SHLVL" value="1"/>
    <property name="ibm.signalhandling.sigchain" value="true"/>
    <property name="localRepository" value="/home/avbravo/.m2/repository"/>
    <property name="java.io.tmpdir" value="/tmp"/>
    <property name="java.version" value="11.0.9"/>
    <property name="env.SNAP_REEXEC" value=""/>
    <property name="com.ibm.system.agent.path" value="/usr/local/jdk-11.0.9+11/lib"/>
    <property name="env.SNAP_USER_DATA" value="/home/avbravo/snap/netbeans/74"/>
    <property name="env.SSH_AUTH_SOCK" value="/run/user/1000/keyring/ssh"/>
    <property name="env.XDG_RUNTIME_DIR" value="/run/user/1000"/>
    <property name="java.vm.specification.name" value="Java Virtual Machine Specification"/>
    <property name="env.XMODIFIERS" value="@im=ibus"/>
    <property name="java.awt.printerjob" value="sun.print.PSPrinterJob"/>
    <property name="env.SSH_AGENT_LAUNCHER" value="gnome-keyring"/>
    <property name="os.encoding" value="UTF-8"/>
    <property name="env.SNAP_USER_COMMON" value="/home/avbravo/snap/netbeans/common"/>
    <property name="java.library.path" value="/usr/local/jdk-11.0.9+11/lib/compressedrefs:/usr/local/jdk-11.0.9+11/lib::/usr/lib64:/usr/lib"/>
    <property name="java.vendor" value="AdoptOpenJDK"/>
    <property name="env.XDG_SESSION_TYPE" value="wayland"/>
    <property name="ibm.system.encoding" value="UTF-8"/>
    <property name="env.IM_CONFIG_PHASE" value="1"/>
    <property name="sun.io.unicode.encoding" value="UnicodeLittle"/>
    <property name="env.XDG_SESSION_CLASS" value="user"/>
    <property name="env.XAUTHORITY" value="/run/user/1000/.mutter-Xwaylandauth.9OWIW1"/>
    <property name="env.OLDPWD" value="/home/avbravo/NetBeansProjects/j/jmoordb-corebookexamples/jmoordb-corebookexamples/backup"/>
    <property name="sun.desktop" value="gnome"/>
    <property name="env.PWD" value="/home/avbravo/NetBeansProjects/j/jmoordb-corebookexamples/jmoordb-corebookexamples/backup"/>
    <property name="file.encoding.pkg" value="sun.io"/>
    <property name="env.SESSION_MANAGER" value="local/avbravo:@/tmp/.ICE-unix/3129,unix/avbravo:/tmp/.ICE-unix/3129"/>
    <property name="env.LANG" value="es_PA.UTF-8"/>
    <property name="jdk.extensions.version" value="11.0.9.0"/>
    <property name="env.SNAP_CONTEXT" value="VTo_41YDyHY_PaFUbLyE5q825GDo4rZ12RVHs9TBQk0k7uKi6tLl"/>
    <property name="java.class.path" value="/home/avbravo/NetBeansProjects/j/jmoordb-corebookexamples/jmoordb-corebookexamples/backup/target/test-classes:/home/avbravo/NetBeansProjects/j/jmoordb-corebookexamples/jmoordb-corebookexamples/backup/target/classes:/home/avbravo/.m2/repository/jakarta/platform/jakarta.jakartaee-api/9.1.0/jakarta.jakartaee-api-9.1.0.jar:/home/avbravo/.m2/repository/org/jboss/arquillian/junit5/arquillian-junit5-container/1.7.0.Alpha13/arquillian-junit5-container-1.7.0.Alpha13.jar:/home/avbravo/.m2/repository/org/jboss/arquillian/test/arquillian-test-api/1.7.0.Alpha13/arquillian-test-api-1.7.0.Alpha13.jar:/home/avbravo/.m2/repository/org/jboss/arquillian/core/arquillian-core-api/1.7.0.Alpha13/arquillian-core-api-1.7.0.Alpha13.jar:/home/avbravo/.m2/repository/org/jboss/arquillian/test/arquillian-test-spi/1.7.0.Alpha13/arquillian-test-spi-1.7.0.Alpha13.jar:/home/avbravo/.m2/repository/org/jboss/arquillian/core/arquillian-core-spi/1.7.0.Alpha13/arquillian-core-spi-1.7.0.Alpha13.jar:/home/avbravo/.m2/repository/org/jboss/arquillian/container/arquillian-container-test-api/1.7.0.Alpha13/arquillian-container-test-api-1.7.0.Alpha13.jar:/home/avbravo/.m2/repository/org/jboss/shrinkwrap/shrinkwrap-api/1.2.6/shrinkwrap-api-1.2.6.jar:/home/avbravo/.m2/repository/org/jboss/shrinkwrap/descriptors/shrinkwrap-descriptors-api-base/2.0.0/shrinkwrap-descriptors-api-base-2.0.0.jar:/home/avbravo/.m2/repository/org/jboss/arquillian/container/arquillian-container-test-spi/1.7.0.Alpha13/arquillian-container-test-spi-1.7.0.Alpha13.jar:/home/avbravo/.m2/repository/org/jboss/arquillian/core/arquillian-core-impl-base/1.7.0.Alpha13/arquillian-core-impl-base-1.7.0.Alpha13.jar:/home/avbravo/.m2/repository/org/jboss/arquillian/test/arquillian-test-impl-base/1.7.0.Alpha13/arquillian-test-impl-base-1.7.0.Alpha13.jar:/home/avbravo/.m2/repository/org/jboss/arquillian/container/arquillian-container-impl-base/1.7.0.Alpha13/arquillian-container-impl-base-1.7.0.Alpha13.jar:/home/avbravo/.m2/repository/org/jboss/arquillian/config/arquillian-config-api/1.7.0.Alpha13/arquillian-config-api-1.7.0.Alpha13.jar:/home/avbravo/.m2/repository/org/jboss/arquillian/config/arquillian-config-impl-base/1.7.0.Alpha13/arquillian-config-impl-base-1.7.0.Alpha13.jar:/home/avbravo/.m2/repository/org/jboss/arquillian/config/arquillian-config-spi/1.7.0.Alpha13/arquillian-config-spi-1.7.0.Alpha13.jar:/home/avbravo/.m2/repository/org/jboss/arquillian/container/arquillian-container-test-impl-base/1.7.0.Alpha13/arquillian-container-test-impl-base-1.7.0.Alpha13.jar:/home/avbravo/.m2/repository/org/jboss/arquillian/junit5/arquillian-junit5-core/1.7.0.Alpha13/arquillian-junit5-core-1.7.0.Alpha13.jar:/home/avbravo/.m2/repository/org/jboss/shrinkwrap/shrinkwrap-impl-base/1.2.6/shrinkwrap-impl-base-1.2.6.jar:/home/avbravo/.m2/repository/org/jboss/shrinkwrap/shrinkwrap-spi/1.2.6/shrinkwrap-spi-1.2.6.jar:/home/avbravo/.m2/repository/org/jboss/arquillian/protocol/arquillian-protocol-servlet-jakarta/1.7.0.Alpha13/arquillian-protocol-servlet-jakarta-1.7.0.Alpha13.jar:/home/avbravo/.m2/repository/org/jboss/arquillian/container/arquillian-container-spi/1.7.0.Alpha13/arquillian-container-spi-1.7.0.Alpha13.jar:/home/avbravo/.m2/repository/org/jboss/shrinkwrap/descriptors/shrinkwrap-descriptors-spi/2.0.0/shrinkwrap-descriptors-spi-2.0.0.jar:/home/avbravo/.m2/repository/org/junit/jupiter/junit-jupiter/5.9.1/junit-jupiter-5.9.1.jar:/home/avbravo/.m2/repository/org/junit/jupiter/junit-jupiter-api/5.9.1/junit-jupiter-api-5.9.1.jar:/home/avbravo/.m2/repository/org/opentest4j/opentest4j/1.2.0/opentest4j-1.2.0.jar:/home/avbravo/.m2/repository/org/junit/platform/junit-platform-commons/1.9.1/junit-platform-commons-1.9.1.jar:/home/avbravo/.m2/repository/org/apiguardian/apiguardian-api/1.1.2/apiguardian-api-1.1.2.jar:/home/avbravo/.m2/repository/org/junit/jupiter/junit-jupiter-params/5.9.1/junit-jupiter-params-5.9.1.jar:/home/avbravo/.m2/repository/org/junit/jupiter/junit-jupiter-engine/5.9.1/junit-jupiter-engine-5.9.1.jar:/home/avbravo/.m2/repository/org/junit/platform/junit-platform-engine/1.9.1/junit-platform-engine-1.9.1.jar:/home/avbravo/.m2/repository/org/mockito/mockito-core/4.8.0/mockito-core-4.8.0.jar:/home/avbravo/.m2/repository/net/bytebuddy/byte-buddy/1.12.14/byte-buddy-1.12.14.jar:/home/avbravo/.m2/repository/net/bytebuddy/byte-buddy-agent/1.12.14/byte-buddy-agent-1.12.14.jar:/home/avbravo/.m2/repository/org/objenesis/objenesis/3.2/objenesis-3.2.jar:/home/avbravo/.m2/repository/org/hamcrest/hamcrest/2.2/hamcrest-2.2.jar:/home/avbravo/.m2/repository/org/assertj/assertj-core/3.23.1/assertj-core-3.23.1.jar:/home/avbravo/.m2/repository/com/github/avbravo/jmoordb-core/0.3/jmoordb-core-0.3.jar:/home/avbravo/.m2/repository/org/mongodb/mongodb-driver-sync/4.6.0/mongodb-driver-sync-4.6.0.jar:/home/avbravo/.m2/repository/org/mongodb/bson/4.6.0/bson-4.6.0.jar:/home/avbravo/.m2/repository/org/mongodb/mongodb-driver-core/4.6.0/mongodb-driver-core-4.6.0.jar:/home/avbravo/.m2/repository/org/mongodb/bson-record-codec/4.6.0/bson-record-codec-4.6.0.jar:/home/avbravo/.m2/repository/com/github/avbravo/jmoordb-core-processor-genesis/0.2/jmoordb-core-processor-genesis-0.2.jar:/home/avbravo/.m2/repository/com/github/spullara/mustache/java/compiler/0.9.5/compiler-0.9.5.jar:/home/avbravo/.m2/repository/com/diogonunes/JColor/5.2.0/JColor-5.2.0.jar:/home/avbravo/.m2/repository/net/java/dev/jna/jna/5.8.0/jna-5.8.0.jar:/home/avbravo/.m2/repository/net/java/dev/jna/jna-platform/5.8.0/jna-platform-5.8.0.jar:/home/avbravo/.m2/repository/commons-beanutils/commons-beanutils/1.9.4/commons-beanutils-1.9.4.jar:/home/avbravo/.m2/repository/commons-logging/commons-logging/1.2/commons-logging-1.2.jar:/home/avbravo/.m2/repository/commons-collections/commons-collections/3.2.2/commons-collections-3.2.2.jar:/home/avbravo/.m2/repository/jakarta/json/bind/jakarta.json.bind-api/1.0.2/jakarta.json.bind-api-1.0.2.jar:/home/avbravo/.m2/repository/org/eclipse/microprofile/config/microprofile-config-api/2.0.1/microprofile-config-api-2.0.1.jar:/home/avbravo/.m2/repository/fish/payara/arquillian/payara-client-ee9/3.0.alpha6/payara-client-ee9-3.0.alpha6.jar:/home/avbravo/.m2/repository/org/eclipse/yasson/2.0.2/yasson-2.0.2.jar:/home/avbravo/.m2/repository/jakarta/json/jakarta.json-api/2.0.0/jakarta.json-api-2.0.0.jar:/home/avbravo/.m2/repository/org/glassfish/jakarta.json/2.0.0/jakarta.json-2.0.0-module.jar:/home/avbravo/.m2/repository/org/glassfish/tyrus/tyrus-client/2.0.0/tyrus-client-2.0.0.jar:/home/avbravo/.m2/repository/org/glassfish/tyrus/tyrus-core/2.0.0/tyrus-core-2.0.0.jar:/home/avbravo/.m2/repository/org/glassfish/tyrus/tyrus-spi/2.0.0/tyrus-spi-2.0.0.jar:/home/avbravo/.m2/repository/jakarta/websocket/jakarta.websocket-api/2.0.0/jakarta.websocket-api-2.0.0.jar:/home/avbravo/.m2/repository/org/glassfish/tyrus/tyrus-container-grizzly-client/2.0.0/tyrus-container-grizzly-client-2.0.0.jar:/home/avbravo/.m2/repository/org/glassfish/grizzly/grizzly-framework/3.0.0-M1/grizzly-framework-3.0.0-M1.jar:/home/avbravo/.m2/repository/org/glassfish/grizzly/grizzly-http-server/3.0.0-M1/grizzly-http-server-3.0.0-M1.jar:/home/avbravo/.m2/repository/org/glassfish/grizzly/grizzly-http/3.0.0-M1/grizzly-http-3.0.0-M1.jar:/home/avbravo/.m2/repository/org/glassfish/jersey/core/jersey-client/3.0.4/jersey-client-3.0.4.jar:/home/avbravo/.m2/repository/jakarta/ws/rs/jakarta.ws.rs-api/3.0.0/jakarta.ws.rs-api-3.0.0.jar:/home/avbravo/.m2/repository/org/glassfish/jersey/core/jersey-common/3.0.4/jersey-common-3.0.4.jar:/home/avbravo/.m2/repository/jakarta/annotation/jakarta.annotation-api/2.0.0/jakarta.annotation-api-2.0.0.jar:/home/avbravo/.m2/repository/jakarta/inject/jakarta.inject-api/2.0.0/jakarta.inject-api-2.0.0.jar:/home/avbravo/.m2/repository/org/glassfish/jersey/inject/jersey-hk2/3.0.4/jersey-hk2-3.0.4.jar:/home/avbravo/.m2/repository/org/glassfish/hk2/hk2-locator/3.0.1/hk2-locator-3.0.1.jar:/home/avbravo/.m2/repository/org/glassfish/hk2/external/aopalliance-repackaged/3.0.1/aopalliance-repackaged-3.0.1.jar:/home/avbravo/.m2/repository/org/glassfish/hk2/hk2-api/3.0.1/hk2-api-3.0.1.jar:/home/avbravo/.m2/repository/org/glassfish/hk2/hk2-utils/3.0.1/hk2-utils-3.0.1.jar:/home/avbravo/.m2/repository/org/javassist/javassist/3.25.0-GA/javassist-3.25.0-GA.jar:/home/avbravo/.m2/repository/org/glassfish/jersey/media/jersey-media-json-jackson/3.0.4/jersey-media-json-jackson-3.0.4.jar:/home/avbravo/.m2/repository/org/glassfish/jersey/ext/jersey-entity-filtering/3.0.4/jersey-entity-filtering-3.0.4.jar:/home/avbravo/.m2/repository/com/fasterxml/jackson/core/jackson-annotations/2.13.0/jackson-annotations-2.13.0.jar:/home/avbravo/.m2/repository/com/fasterxml/jackson/core/jackson-databind/2.13.0/jackson-databind-2.13.0.jar:/home/avbravo/.m2/repository/com/fasterxml/jackson/core/jackson-core/2.13.0/jackson-core-2.13.0.jar:/home/avbravo/.m2/repository/com/fasterxml/jackson/module/jackson-module-jakarta-xmlbind-annotations/2.13.0/jackson-module-jakarta-xmlbind-annotations-2.13.0.jar:/home/avbravo/.m2/repository/jakarta/xml/bind/jakarta.xml.bind-api/3.0.1/jakarta.xml.bind-api-3.0.1.jar:/home/avbravo/.m2/repository/com/sun/activation/jakarta.activation/2.0.1/jakarta.activation-2.0.1.jar:/home/avbravo/.m2/repository/org/glassfish/jersey/media/jersey-media-json-processing/3.0.4/jersey-media-json-processing-3.0.4.jar:/home/avbravo/.m2/repository/org/glassfish/jsonp-jaxrs/2.0.0/jsonp-jaxrs-2.0.0.jar:/home/avbravo/.m2/repository/org/glassfish/jersey/media/jersey-media-jaxb/3.0.4/jersey-media-jaxb-3.0.4.jar:/home/avbravo/.m2/repository/org/glassfish/hk2/osgi-resource-locator/1.0.3/osgi-resource-locator-1.0.3.jar:/home/avbravo/.m2/repository/org/glassfish/jersey/media/jersey-media-sse/3.0.4/jersey-media-sse-3.0.4.jar:/home/avbravo/.m2/repository/org/glassfish/jersey/core/jersey-server/3.0.4/jersey-server-3.0.4.jar:/home/avbravo/.m2/repository/jakarta/validation/jakarta.validation-api/3.0.0/jakarta.validation-api-3.0.0.jar:/home/avbravo/.m2/repository/fish/payara/arquillian/arquillian-payara-micro-managed/3.0.alpha6/arquillian-payara-micro-managed-3.0.alpha6.jar:/home/avbravo/.m2/repository/fish/payara/arquillian/payara-container-common/3.0.alpha6/payara-container-common-3.0.alpha6.jar:/home/avbravo/.m2/repository/org/jboss/arquillian/testenricher/arquillian-testenricher-cdi-jakarta/1.7.0.Alpha13/arquillian-testenricher-cdi-jakarta-1.7.0.Alpha13.jar:/home/avbravo/.m2/repository/org/jboss/arquillian/testenricher/arquillian-testenricher-ejb-jakarta/1.7.0.Alpha13/arquillian-testenricher-ejb-jakarta-1.7.0.Alpha13.jar:/home/avbravo/.m2/repository/org/jboss/arquillian/testenricher/arquillian-testenricher-resource-jakarta/1.7.0.Alpha13/arquillian-testenricher-resource-jakarta-1.7.0.Alpha13.jar:/home/avbravo/.m2/repository/org/jboss/arquillian/testenricher/arquillian-testenricher-initialcontext/1.7.0.Alpha13/arquillian-testenricher-initialcontext-1.7.0.Alpha13.jar:"/>
    <property name="env.HOME" value="/home/avbravo"/>
    <property name="env.QT_IM_MODULE" value="ibus"/>
    <property name="java.vm.vendor" value="Eclipse OpenJ9"/>
    <property name="user.variant" value=""/>
    <property name="com.ibm.oti.vm.library.version" value="29"/>
    <property name="env.XDG_DATA_DIRS" value="/usr/share/ubuntu:/usr/local/share/:/usr/share/:/var/lib/snapd/desktop"/>
    <property name="user.timezone" value="America/Panama"/>
    <property name="os.name" value="Linux"/>
    <property name="java.vm.specification.version" value="11"/>
    <property name="env.DISPLAY" value=":0"/>
    <property name="sun.java.launcher" value="SUN_STANDARD"/>
    <property name="user.country" value="PA"/>
    <property name="env.SNAP_VERSION" value="16"/>
    <property name="env.SNAP_REVISION" value="74"/>
    <property name="env.LD_LIBRARY_PATH" value=""/>
    <property name="env.QT_ACCESSIBILITY" value="1"/>
    <property name="surefire.test.class.path" value="/home/avbravo/NetBeansProjects/j/jmoordb-corebookexamples/jmoordb-corebookexamples/backup/target/test-classes:/home/avbravo/NetBeansProjects/j/jmoordb-corebookexamples/jmoordb-corebookexamples/backup/target/classes:/home/avbravo/.m2/repository/jakarta/platform/jakarta.jakartaee-api/9.1.0/jakarta.jakartaee-api-9.1.0.jar:/home/avbravo/.m2/repository/org/jboss/arquillian/junit5/arquillian-junit5-container/1.7.0.Alpha13/arquillian-junit5-container-1.7.0.Alpha13.jar:/home/avbravo/.m2/repository/org/jboss/arquillian/test/arquillian-test-api/1.7.0.Alpha13/arquillian-test-api-1.7.0.Alpha13.jar:/home/avbravo/.m2/repository/org/jboss/arquillian/core/arquillian-core-api/1.7.0.Alpha13/arquillian-core-api-1.7.0.Alpha13.jar:/home/avbravo/.m2/repository/org/jboss/arquillian/test/arquillian-test-spi/1.7.0.Alpha13/arquillian-test-spi-1.7.0.Alpha13.jar:/home/avbravo/.m2/repository/org/jboss/arquillian/core/arquillian-core-spi/1.7.0.Alpha13/arquillian-core-spi-1.7.0.Alpha13.jar:/home/avbravo/.m2/repository/org/jboss/arquillian/container/arquillian-container-test-api/1.7.0.Alpha13/arquillian-container-test-api-1.7.0.Alpha13.jar:/home/avbravo/.m2/repository/org/jboss/shrinkwrap/shrinkwrap-api/1.2.6/shrinkwrap-api-1.2.6.jar:/home/avbravo/.m2/repository/org/jboss/shrinkwrap/descriptors/shrinkwrap-descriptors-api-base/2.0.0/shrinkwrap-descriptors-api-base-2.0.0.jar:/home/avbravo/.m2/repository/org/jboss/arquillian/container/arquillian-container-test-spi/1.7.0.Alpha13/arquillian-container-test-spi-1.7.0.Alpha13.jar:/home/avbravo/.m2/repository/org/jboss/arquillian/core/arquillian-core-impl-base/1.7.0.Alpha13/arquillian-core-impl-base-1.7.0.Alpha13.jar:/home/avbravo/.m2/repository/org/jboss/arquillian/test/arquillian-test-impl-base/1.7.0.Alpha13/arquillian-test-impl-base-1.7.0.Alpha13.jar:/home/avbravo/.m2/repository/org/jboss/arquillian/container/arquillian-container-impl-base/1.7.0.Alpha13/arquillian-container-impl-base-1.7.0.Alpha13.jar:/home/avbravo/.m2/repository/org/jboss/arquillian/config/arquillian-config-api/1.7.0.Alpha13/arquillian-config-api-1.7.0.Alpha13.jar:/home/avbravo/.m2/repository/org/jboss/arquillian/config/arquillian-config-impl-base/1.7.0.Alpha13/arquillian-config-impl-base-1.7.0.Alpha13.jar:/home/avbravo/.m2/repository/org/jboss/arquillian/config/arquillian-config-spi/1.7.0.Alpha13/arquillian-config-spi-1.7.0.Alpha13.jar:/home/avbravo/.m2/repository/org/jboss/arquillian/container/arquillian-container-test-impl-base/1.7.0.Alpha13/arquillian-container-test-impl-base-1.7.0.Alpha13.jar:/home/avbravo/.m2/repository/org/jboss/arquillian/junit5/arquillian-junit5-core/1.7.0.Alpha13/arquillian-junit5-core-1.7.0.Alpha13.jar:/home/avbravo/.m2/repository/org/jboss/shrinkwrap/shrinkwrap-impl-base/1.2.6/shrinkwrap-impl-base-1.2.6.jar:/home/avbravo/.m2/repository/org/jboss/shrinkwrap/shrinkwrap-spi/1.2.6/shrinkwrap-spi-1.2.6.jar:/home/avbravo/.m2/repository/org/jboss/arquillian/protocol/arquillian-protocol-servlet-jakarta/1.7.0.Alpha13/arquillian-protocol-servlet-jakarta-1.7.0.Alpha13.jar:/home/avbravo/.m2/repository/org/jboss/arquillian/container/arquillian-container-spi/1.7.0.Alpha13/arquillian-container-spi-1.7.0.Alpha13.jar:/home/avbravo/.m2/repository/org/jboss/shrinkwrap/descriptors/shrinkwrap-descriptors-spi/2.0.0/shrinkwrap-descriptors-spi-2.0.0.jar:/home/avbravo/.m2/repository/org/junit/jupiter/junit-jupiter/5.9.1/junit-jupiter-5.9.1.jar:/home/avbravo/.m2/repository/org/junit/jupiter/junit-jupiter-api/5.9.1/junit-jupiter-api-5.9.1.jar:/home/avbravo/.m2/repository/org/opentest4j/opentest4j/1.2.0/opentest4j-1.2.0.jar:/home/avbravo/.m2/repository/org/junit/platform/junit-platform-commons/1.9.1/junit-platform-commons-1.9.1.jar:/home/avbravo/.m2/repository/org/apiguardian/apiguardian-api/1.1.2/apiguardian-api-1.1.2.jar:/home/avbravo/.m2/repository/org/junit/jupiter/junit-jupiter-params/5.9.1/junit-jupiter-params-5.9.1.jar:/home/avbravo/.m2/repository/org/junit/jupiter/junit-jupiter-engine/5.9.1/junit-jupiter-engine-5.9.1.jar:/home/avbravo/.m2/repository/org/junit/platform/junit-platform-engine/1.9.1/junit-platform-engine-1.9.1.jar:/home/avbravo/.m2/repository/org/mockito/mockito-core/4.8.0/mockito-core-4.8.0.jar:/home/avbravo/.m2/repository/net/bytebuddy/byte-buddy/1.12.14/byte-buddy-1.12.14.jar:/home/avbravo/.m2/repository/net/bytebuddy/byte-buddy-agent/1.12.14/byte-buddy-agent-1.12.14.jar:/home/avbravo/.m2/repository/org/objenesis/objenesis/3.2/objenesis-3.2.jar:/home/avbravo/.m2/repository/org/hamcrest/hamcrest/2.2/hamcrest-2.2.jar:/home/avbravo/.m2/repository/org/assertj/assertj-core/3.23.1/assertj-core-3.23.1.jar:/home/avbravo/.m2/repository/com/github/avbravo/jmoordb-core/0.3/jmoordb-core-0.3.jar:/home/avbravo/.m2/repository/org/mongodb/mongodb-driver-sync/4.6.0/mongodb-driver-sync-4.6.0.jar:/home/avbravo/.m2/repository/org/mongodb/bson/4.6.0/bson-4.6.0.jar:/home/avbravo/.m2/repository/org/mongodb/mongodb-driver-core/4.6.0/mongodb-driver-core-4.6.0.jar:/home/avbravo/.m2/repository/org/mongodb/bson-record-codec/4.6.0/bson-record-codec-4.6.0.jar:/home/avbravo/.m2/repository/com/github/avbravo/jmoordb-core-processor-genesis/0.2/jmoordb-core-processor-genesis-0.2.jar:/home/avbravo/.m2/repository/com/github/spullara/mustache/java/compiler/0.9.5/compiler-0.9.5.jar:/home/avbravo/.m2/repository/com/diogonunes/JColor/5.2.0/JColor-5.2.0.jar:/home/avbravo/.m2/repository/net/java/dev/jna/jna/5.8.0/jna-5.8.0.jar:/home/avbravo/.m2/repository/net/java/dev/jna/jna-platform/5.8.0/jna-platform-5.8.0.jar:/home/avbravo/.m2/repository/commons-beanutils/commons-beanutils/1.9.4/commons-beanutils-1.9.4.jar:/home/avbravo/.m2/repository/commons-logging/commons-logging/1.2/commons-logging-1.2.jar:/home/avbravo/.m2/repository/commons-collections/commons-collections/3.2.2/commons-collections-3.2.2.jar:/home/avbravo/.m2/repository/jakarta/json/bind/jakarta.json.bind-api/1.0.2/jakarta.json.bind-api-1.0.2.jar:/home/avbravo/.m2/repository/org/eclipse/microprofile/config/microprofile-config-api/2.0.1/microprofile-config-api-2.0.1.jar:/home/avbravo/.m2/repository/fish/payara/arquillian/payara-client-ee9/3.0.alpha6/payara-client-ee9-3.0.alpha6.jar:/home/avbravo/.m2/repository/org/eclipse/yasson/2.0.2/yasson-2.0.2.jar:/home/avbravo/.m2/repository/jakarta/json/jakarta.json-api/2.0.0/jakarta.json-api-2.0.0.jar:/home/avbravo/.m2/repository/org/glassfish/jakarta.json/2.0.0/jakarta.json-2.0.0-module.jar:/home/avbravo/.m2/repository/org/glassfish/tyrus/tyrus-client/2.0.0/tyrus-client-2.0.0.jar:/home/avbravo/.m2/repository/org/glassfish/tyrus/tyrus-core/2.0.0/tyrus-core-2.0.0.jar:/home/avbravo/.m2/repository/org/glassfish/tyrus/tyrus-spi/2.0.0/tyrus-spi-2.0.0.jar:/home/avbravo/.m2/repository/jakarta/websocket/jakarta.websocket-api/2.0.0/jakarta.websocket-api-2.0.0.jar:/home/avbravo/.m2/repository/org/glassfish/tyrus/tyrus-container-grizzly-client/2.0.0/tyrus-container-grizzly-client-2.0.0.jar:/home/avbravo/.m2/repository/org/glassfish/grizzly/grizzly-framework/3.0.0-M1/grizzly-framework-3.0.0-M1.jar:/home/avbravo/.m2/repository/org/glassfish/grizzly/grizzly-http-server/3.0.0-M1/grizzly-http-server-3.0.0-M1.jar:/home/avbravo/.m2/repository/org/glassfish/grizzly/grizzly-http/3.0.0-M1/grizzly-http-3.0.0-M1.jar:/home/avbravo/.m2/repository/org/glassfish/jersey/core/jersey-client/3.0.4/jersey-client-3.0.4.jar:/home/avbravo/.m2/repository/jakarta/ws/rs/jakarta.ws.rs-api/3.0.0/jakarta.ws.rs-api-3.0.0.jar:/home/avbravo/.m2/repository/org/glassfish/jersey/core/jersey-common/3.0.4/jersey-common-3.0.4.jar:/home/avbravo/.m2/repository/jakarta/annotation/jakarta.annotation-api/2.0.0/jakarta.annotation-api-2.0.0.jar:/home/avbravo/.m2/repository/jakarta/inject/jakarta.inject-api/2.0.0/jakarta.inject-api-2.0.0.jar:/home/avbravo/.m2/repository/org/glassfish/jersey/inject/jersey-hk2/3.0.4/jersey-hk2-3.0.4.jar:/home/avbravo/.m2/repository/org/glassfish/hk2/hk2-locator/3.0.1/hk2-locator-3.0.1.jar:/home/avbravo/.m2/repository/org/glassfish/hk2/external/aopalliance-repackaged/3.0.1/aopalliance-repackaged-3.0.1.jar:/home/avbravo/.m2/repository/org/glassfish/hk2/hk2-api/3.0.1/hk2-api-3.0.1.jar:/home/avbravo/.m2/repository/org/glassfish/hk2/hk2-utils/3.0.1/hk2-utils-3.0.1.jar:/home/avbravo/.m2/repository/org/javassist/javassist/3.25.0-GA/javassist-3.25.0-GA.jar:/home/avbravo/.m2/repository/org/glassfish/jersey/media/jersey-media-json-jackson/3.0.4/jersey-media-json-jackson-3.0.4.jar:/home/avbravo/.m2/repository/org/glassfish/jersey/ext/jersey-entity-filtering/3.0.4/jersey-entity-filtering-3.0.4.jar:/home/avbravo/.m2/repository/com/fasterxml/jackson/core/jackson-annotations/2.13.0/jackson-annotations-2.13.0.jar:/home/avbravo/.m2/repository/com/fasterxml/jackson/core/jackson-databind/2.13.0/jackson-databind-2.13.0.jar:/home/avbravo/.m2/repository/com/fasterxml/jackson/core/jackson-core/2.13.0/jackson-core-2.13.0.jar:/home/avbravo/.m2/repository/com/fasterxml/jackson/module/jackson-module-jakarta-xmlbind-annotations/2.13.0/jackson-module-jakarta-xmlbind-annotations-2.13.0.jar:/home/avbravo/.m2/repository/jakarta/xml/bind/jakarta.xml.bind-api/3.0.1/jakarta.xml.bind-api-3.0.1.jar:/home/avbravo/.m2/repository/com/sun/activation/jakarta.activation/2.0.1/jakarta.activation-2.0.1.jar:/home/avbravo/.m2/repository/org/glassfish/jersey/media/jersey-media-json-processing/3.0.4/jersey-media-json-processing-3.0.4.jar:/home/avbravo/.m2/repository/org/glassfish/jsonp-jaxrs/2.0.0/jsonp-jaxrs-2.0.0.jar:/home/avbravo/.m2/repository/org/glassfish/jersey/media/jersey-media-jaxb/3.0.4/jersey-media-jaxb-3.0.4.jar:/home/avbravo/.m2/repository/org/glassfish/hk2/osgi-resource-locator/1.0.3/osgi-resource-locator-1.0.3.jar:/home/avbravo/.m2/repository/org/glassfish/jersey/media/jersey-media-sse/3.0.4/jersey-media-sse-3.0.4.jar:/home/avbravo/.m2/repository/org/glassfish/jersey/core/jersey-server/3.0.4/jersey-server-3.0.4.jar:/home/avbravo/.m2/repository/jakarta/validation/jakarta.validation-api/3.0.0/jakarta.validation-api-3.0.0.jar:/home/avbravo/.m2/repository/fish/payara/arquillian/arquillian-payara-micro-managed/3.0.alpha6/arquillian-payara-micro-managed-3.0.alpha6.jar:/home/avbravo/.m2/repository/fish/payara/arquillian/payara-container-common/3.0.alpha6/payara-container-common-3.0.alpha6.jar:/home/avbravo/.m2/repository/org/jboss/arquillian/testenricher/arquillian-testenricher-cdi-jakarta/1.7.0.Alpha13/arquillian-testenricher-cdi-jakarta-1.7.0.Alpha13.jar:/home/avbravo/.m2/repository/org/jboss/arquillian/testenricher/arquillian-testenricher-ejb-jakarta/1.7.0.Alpha13/arquillian-testenricher-ejb-jakarta-1.7.0.Alpha13.jar:/home/avbravo/.m2/repository/org/jboss/arquillian/testenricher/arquillian-testenricher-resource-jakarta/1.7.0.Alpha13/arquillian-testenricher-resource-jakarta-1.7.0.Alpha13.jar:/home/avbravo/.m2/repository/org/jboss/arquillian/testenricher/arquillian-testenricher-initialcontext/1.7.0.Alpha13/arquillian-testenricher-initialcontext-1.7.0.Alpha13.jar:"/>
    <property name="sun.cpu.endian" value="little"/>
    <property name="env.JOURNAL_STREAM" value="8:33471"/>
    <property name="user.home" value="/home/avbravo"/>
    <property name="env.DYLD_LIBRARY_PATH" value=""/>
    <property name="user.language" value="es"/>
    <property name="env.WAYLAND_DISPLAY" value="wayland-0"/>
    <property name="env.JRE_HOME" value="/usr/local/jdk-11.0.9+11/jre"/>
    <property name="env.INVOCATION_ID" value="f604f66594fd428e8346ee613b7b8a80"/>
    <property name="env.NBMAGIC" value="5830"/>
    <property name="java.compiler" value="j9jit29"/>
    <property name="com.ibm.util.extralibs.properties" value=""/>
    <property name="java.awt.graphicsenv" value="sun.awt.X11GraphicsEnvironment"/>
    <property name="com.ibm.oti.configuration" value="scar"/>
    <property name="surefire.real.class.path" value="/home/avbravo/NetBeansProjects/j/jmoordb-corebookexamples/jmoordb-corebookexamples/backup/target/surefire/surefirebooter-20221130155958120_3.jar"/>
    <property name="com.ibm.oti.shared.enabled" value="false"/>
    <property name="env.LANGUAGE" value="es_PA:es"/>
    <property name="env.XDG_MENU_PREFIX" value="gnome-"/>
    <property name="env.DBUS_SESSION_BUS_ADDRESS" value="unix:path=/run/user/1000/bus"/>
    <property name="com.ibm.oti.vm.bootstrap.library.path" value="/usr/local/jdk-11.0.9+11/lib/compressedrefs:/usr/local/jdk-11.0.9+11/lib"/>
    <property name="com.ibm.cpu.endian" value="little"/>
    <property name="payara.microJar" value="/home/avbravo/NetBeansProjects/j/jmoordb-corebookexamples/jmoordb-corebookexamples/backup/target/payara-micro.jar"/>
    <property name="env.SNAP_COMMON" value="/var/snap/netbeans/common"/>
    <property name="path.separator" value=":"/>
    <property name="os.version" value="5.15.0-53-generic"/>
    <property name="java.runtime.name" value="OpenJDK Runtime Environment"/>
    <property name="env.GIO_LAUNCHED_DESKTOP_FILE_PID" value="4062"/>
    <property name="env.GJS_DEBUG_TOPICS" value="JS ERROR;JS LOG"/>
    <property name="ibm.signalhandling.sigint" value="true"/>
    <property name="env.IM_CONFIG_CHECK_ENV" value="1"/>
    <property name="env.SNAP_NAME" value="netbeans"/>
    <property name="java.vm.name" value="Eclipse OpenJ9 VM"/>
    <property name="env.SHELL" value="/bin/bash"/>
    <property name="env.GTK_MODULES" value="gail:atk-bridge"/>
    <property name="java.vendor.url.bug" value="https://github.com/AdoptOpenJDK/openjdk-support/issues"/>
    <property name="env.MAVEN_CMD_LINE_ARGS" value=" clean verify -Parq-payara-micro"/>
    <property name="env.XDG_CONFIG_DIRS" value="/etc/xdg/xdg-ubuntu:/etc/xdg"/>
    <property name="env.SNAP" value="/snap/netbeans/74"/>
    <property name="user.dir" value="/home/avbravo/NetBeansProjects/j/jmoordb-corebookexamples/jmoordb-corebookexamples/backup"/>
    <property name="env.USERNAME" value="avbravo"/>
    <property name="os.arch" value="amd64"/>
    <property name="env.BAMF_DESKTOP_FILE_HINT" value="/var/lib/snapd/desktop/applications/netbeans_netbeans.desktop"/>
    <property name="env.DESKTOP_SESSION" value="ubuntu"/>
    <property name="env.PROMPT_COMMAND" value="printf &quot;&amp;#27;]3;${PWD}&amp;#7;&quot;; ideopen() { printf &quot;&amp;#27;]10;ext[::] ideopen $*;&amp;#7;&quot;; printf &quot;Opening $# file(s) ...&#10;&quot;;}"/>
    <property name="env.XDG_CURRENT_DESKTOP" value="ubuntu:GNOME"/>
    <property name="env.MAVEN_PROJECTBASEDIR" value="/home/avbravo/NetBeansProjects/j/jmoordb-corebookexamples/jmoordb-corebookexamples/backup"/>
    <property name="java.vm.info" value="JRE 11 Linux amd64-64-Bit Compressed References 20201022_810 (JIT enabled, AOT enabled)&#10;OpenJ9   - 0394ef754&#10;OMR      - 582366ae5&#10;JCL      - 3b09cfd7e9 based on jdk-11.0.9+11"/>
    <property name="java.vm.version" value="openj9-0.23.0"/>
    <property name="com.ibm.jcl.checkClassPath" value=""/>
    <property name="env.SYSTEMD_EXEC_PID" value="3164"/>
    <property name="env.GNOME_SHELL_SESSION_MODE" value="ubuntu"/>
    <property name="java.class.version" value="55.0"/>
    <property name="env.SNAP_DATA" value="/var/snap/netbeans/74"/>
    <property name="env.USER" value="avbravo"/>
  </properties>
  <testcase name="should_create_greeting" classname="com.example.it.GreetingServiceTest" time="0.387">
    <system-out><![CDATA[[2022-11-30T16:00:08.133-0500] [] [&amp#27;[1;93mADVERTENCIA&amp#27;[0m] [] [&amp#27;[1;94mPayaraMicro&amp#27;[0m] [tid: _ThreadID=1 _ThreadName=main] [timeMillis: 1669842008133] [levelValue: 900] Payara Micro Runtime directory is located in a temporary file location which can be cleaned by system processes.

[2022-11-30T16:00:08.147-0500] [] [&amp#27;[1;92mINFORMACIÓN&amp#27;[0m] [] [&amp#27;[1;94mPayaraMicro&amp#27;[0m] [tid: _ThreadID=1 _ThreadName=main] [timeMillis: 1669842008147] [levelValue: 800] Payara Micro Runtime directory is located at /tmp/payaramicro-rt10821220785915508308tmp

[2022-11-30T16:00:08.154-0500] [] [&amp#27;[1;92mINFORMACIÓN&amp#27;[0m] [] [&amp#27;[1;94mfish.payara.micro.boot.runtime.PayaraMicroRuntimeBuilder&amp#27;[0m] [tid: _ThreadID=1 _ThreadName=main] [timeMillis: 1669842008154] [levelValue: 800] Built Payara Micro Runtime

[2022-11-30T16:00:08.999-0500] [] [&amp#27;[1;92mINFORMACIÓN&amp#27;[0m] [] [&amp#27;[1;94mfish.payara.boot.runtime.BootCommand&amp#27;[0m] [tid: _ThreadID=1 _ThreadName=main] [timeMillis: 1669842008999] [levelValue: 800] [[
  Boot Command set returned with result SUCCESS : PlainTextActionReporterSUCCESSDescription: set AdminCommandnull
    configs.config.server-config.network-config.network-listeners.network-listener.http-listener.port-range=8564,9564
]]

[2022-11-30T16:00:09.006-0500] [] [&amp#27;[1;92mINFORMACIÓN&amp#27;[0m] [] [&amp#27;[1;94mfish.payara.boot.runtime.BootCommand&amp#27;[0m] [tid: _ThreadID=1 _ThreadName=main] [timeMillis: 1669842009006] [levelValue: 800] [[
  Boot Command set returned with result SUCCESS : PlainTextActionReporterSUCCESSDescription: set AdminCommandnull
    configs.config.server-config.network-config.network-listeners.network-listener.http-listener.enabled=true
]]

[2022-11-30T16:00:09.024-0500] [] [&amp#27;[1;92mINFORMACIÓN&amp#27;[0m] [] [&amp#27;[1;94mfish.payara.boot.runtime.BootCommand&amp#27;[0m] [tid: _ThreadID=1 _ThreadName=main] [timeMillis: 1669842009024] [levelValue: 800] [[
  Boot Command set returned with result SUCCESS : PlainTextActionReporterSUCCESSDescription: set AdminCommandnull
    configs.config.server-config.hazelcast-config-specific-configuration.clustering-enabled=false
]]

[2022-11-30T16:00:09.589-0500] [] [&amp#27;[1;92mINFORMACIÓN&amp#27;[0m] [] [&amp#27;[1;94morg.glassfish.ha.store.spi.BackingStoreFactoryRegistry&amp#27;[0m] [tid: _ThreadID=38 _ThreadName=RunLevelControllerThread-1669842009031] [timeMillis: 1669842009589] [levelValue: 800] Registered fish.payara.ha.hazelcast.store.HazelcastBackingStoreFactoryProxy for persistence-type = hazelcast in BackingStoreFactoryRegistry

WARNING: An illegal reflective access operation has occurred
WARNING: Illegal reflective access by com.hazelcast.internal.metrics.metricsets.OperatingSystemMetricSet (file:/tmp/payaramicro-rt10821220785915508308tmp/runtime/hazelcast.jar) to method com.ibm.lang.management.internal.ExtendedOperatingSystemMXBeanImpl.getCommittedVirtualMemorySize()
WARNING: Please consider reporting this to the maintainers of com.hazelcast.internal.metrics.metricsets.OperatingSystemMetricSet
WARNING: Use --illegal-access=warn to enable warnings of further illegal reflective access operations
WARNING: All illegal access operations will be denied in a future release
[2022-11-30T16:00:11.462-0500] [] [&amp#27;[1;92mINFORMACIÓN&amp#27;[0m] [] [&amp#27;[1;94mfish.payara.nucleus.hazelcast.HazelcastCore&amp#27;[0m] [tid: _ThreadID=36 _ThreadName=RunLevelControllerThread-1669842009028] [timeMillis: 1669842011462] [levelValue: 800] Hazelcast Instance Bound to JNDI at payara/Hazelcast

[2022-11-30T16:00:11.462-0500] [] [&amp#27;[1;92mINFORMACIÓN&amp#27;[0m] [] [&amp#27;[1;94mfish.payara.nucleus.hazelcast.HazelcastCore&amp#27;[0m] [tid: _ThreadID=36 _ThreadName=RunLevelControllerThread-1669842009028] [timeMillis: 1669842011462] [levelValue: 800] JSR107 Caching Provider Bound to JNDI at payara/CachingProvider

[2022-11-30T16:00:11.462-0500] [] [&amp#27;[1;92mINFORMACIÓN&amp#27;[0m] [] [&amp#27;[1;94mfish.payara.nucleus.hazelcast.HazelcastCore&amp#27;[0m] [tid: _ThreadID=36 _ThreadName=RunLevelControllerThread-1669842009028] [timeMillis: 1669842011462] [levelValue: 800] JSR107 Default Cache Manager Bound to JNDI at payara/CacheManager

[2022-11-30T16:00:11.527-0500] [] [&amp#27;[1;92mINFORMACIÓN&amp#27;[0m] [NCLS-CORE-00101] [&amp#27;[1;94mjavax.enterprise.system.core&amp#27;[0m] [tid: _ThreadID=35 _ThreadName=RunLevelControllerThread-1669842009027] [timeMillis: 1669842011527] [levelValue: 800] Network Listener http-listener started in: 3ms - bound to [/0.0.0.0:8564]

[2022-11-30T16:00:11.527-0500] [] [&amp#27;[1;92mINFORMACIÓN&amp#27;[0m] [NCLS-CORE-00058] [&amp#27;[1;94mjavax.enterprise.system.core&amp#27;[0m] [tid: _ThreadID=35 _ThreadName=RunLevelControllerThread-1669842009027] [timeMillis: 1669842011527] [levelValue: 800] Network listener https-listener on port 8443 disabled per domain.xml

[2022-11-30T16:00:11.528-0500] [] [&amp#27;[1;92mINFORMACIÓN&amp#27;[0m] [NCLS-CORE-00087] [&amp#27;[1;94mjavax.enterprise.system.core&amp#27;[0m] [tid: _ThreadID=35 _ThreadName=RunLevelControllerThread-1669842009027] [timeMillis: 1669842011528] [levelValue: 800] Grizzly 4.0.0 started in: 2,159ms - bound to [http-listener:8564]

[2022-11-30T16:00:11.594-0500] [] [&amp#27;[1;92mINFORMACIÓN&amp#27;[0m] [NCLS-CORE-00017] [&amp#27;[1;94mjavax.enterprise.system.core&amp#27;[0m] [tid: _ThreadID=1 _ThreadName=main] [timeMillis: 1669842011594] [levelValue: 800] Payara Micro  6.2022.1 #badassmicrofish (878) startup time : Embedded (869ms), startup services(2,568ms), total(3,437ms)

[2022-11-30T16:00:11.594-0500] [] [&amp#27;[1;92mINFORMACIÓN&amp#27;[0m] [] [&amp#27;[1;94mfish.payara.nucleus.cluster.PayaraCluster&amp#27;[0m] [tid: _ThreadID=89 _ThreadName=Executor-Service-1] [timeMillis: 1669842011594] [levelValue: 800] [[
  Data Grid Status 
Payara Data Grid State: DG Version: 5 DG Name: development DG Size: 1
Instances: {
 DataGrid: development Name: Super-Lionfish Lite: false This: true UUID: 78709fb1-2ac0-40ce-9509-651461f41f2f Address: /192.168.60.243:6900
}]]

[2022-11-30T16:00:11.654-0500] [] [&amp#27;[1;92mINFORMACIÓN&amp#27;[0m] [NCLS-JMX-00006] [&amp#27;[1;94mjavax.enterprise.system.jmx&amp#27;[0m] [tid: _ThreadID=103 _ThreadName=Thread-10] [timeMillis: 1669842011654] [levelValue: 800] JMXStartupService has disabled JMXConnector system

[2022-11-30T16:00:12.181-0500] [] [&amp#27;[1;92mINFORMACIÓN&amp#27;[0m] [NCLS-SECURITY-01002] [&amp#27;[1;94mjavax.enterprise.system.core.security&amp#27;[0m] [tid: _ThreadID=1 _ThreadName=main] [timeMillis: 1669842012181] [levelValue: 800] Java security manager is disabled.

[2022-11-30T16:00:12.181-0500] [] [&amp#27;[1;92mINFORMACIÓN&amp#27;[0m] [NCLS-SECURITY-01010] [&amp#27;[1;94mjavax.enterprise.system.core.security&amp#27;[0m] [tid: _ThreadID=1 _ThreadName=main] [timeMillis: 1669842012181] [levelValue: 800] Entering Security Startup Service.

[2022-11-30T16:00:12.183-0500] [] [&amp#27;[1;92mINFORMACIÓN&amp#27;[0m] [NCLS-SECURITY-01143] [&amp#27;[1;94mjavax.enterprise.system.core.security&amp#27;[0m] [tid: _ThreadID=1 _ThreadName=main] [timeMillis: 1669842012183] [levelValue: 800] Loading policy provider fish.payara.security.jacc.provider.PolicyProviderImpl.

[2022-11-30T16:00:12.201-0500] [] [&amp#27;[1;92mINFORMACIÓN&amp#27;[0m] [NCLS-SECURITY-01011] [&amp#27;[1;94mjavax.enterprise.system.core.security&amp#27;[0m] [tid: _ThreadID=1 _ThreadName=main] [timeMillis: 1669842012201] [levelValue: 800] Security Service(s) started successfully.

[2022-11-30T16:00:12.429-0500] [] [&amp#27;[1;92mINFORMACIÓN&amp#27;[0m] [AS-WEB-GLUE-00198] [&amp#27;[1;94mjakarta.enterprise.web&amp#27;[0m] [tid: _ThreadID=1 _ThreadName=main] [timeMillis: 1669842012429] [levelValue: 800] Created HTTP listener http-listener on host/port 0.0.0.0:8564

[2022-11-30T16:00:12.444-0500] [] [&amp#27;[1;92mINFORMACIÓN&amp#27;[0m] [AS-WEB-GLUE-00200] [&amp#27;[1;94mjakarta.enterprise.web&amp#27;[0m] [tid: _ThreadID=1 _ThreadName=main] [timeMillis: 1669842012444] [levelValue: 800] Created virtual server server

[2022-11-30T16:00:12.705-0500] [] [&amp#27;[1;92mINFORMACIÓN&amp#27;[0m] [AS-WEB-GLUE-00201] [&amp#27;[1;94mjakarta.enterprise.web&amp#27;[0m] [tid: _ThreadID=1 _ThreadName=main] [timeMillis: 1669842012705] [levelValue: 800] Virtual server server loaded default web module 

[2022-11-30T16:00:13.439-0500] [] [&amp#27;[1;92mINFO&amp#27;[0m] [] [&amp#27;[1;94morg.jboss.weld.Version&amp#27;[0m] [tid: _ThreadID=1 _ThreadName=main] [timeMillis: 1669842013439] [levelValue: 800] WELD-000900: 5.0.1 (Final)

[2022-11-30T16:00:14.393-0500] [] [&amp#27;[1;92mINFORMACIÓN&amp#27;[0m] [] [&amp#27;[1;94mfish.payara.micro.cdi.extension.ClusteredCDIEventBusImpl&amp#27;[0m] [tid: _ThreadID=1 _ThreadName=main] [timeMillis: 1669842014393] [levelValue: 800] Clustered CDI Event bus initialized

[2022-11-30T16:00:14.463-0500] [] [&amp#27;[1;92mINFORMACIÓN&amp#27;[0m] [] [&amp#27;[1;94mjavax.enterprise.system.core&amp#27;[0m] [tid: _ThreadID=1 _ThreadName=main] [timeMillis: 1669842014463] [levelValue: 800] test-591d051c-371b-4c8b-907d-5e296c37e2d3 was successfully deployed in 2,703 milliseconds.

[2022-11-30T16:00:14.464-0500] [] [&amp#27;[1;92mINFORMACIÓN&amp#27;[0m] [] [&amp#27;[1;94mPayaraMicro&amp#27;[0m] [tid: _ThreadID=1 _ThreadName=main] [timeMillis: 1669842014464] [levelValue: 800] Deployed 1 archive(s)

[2022-11-30T16:00:14.469-0500] [] [&amp#27;[1;92mINFORMACIÓN&amp#27;[0m] [AS-WEB-GLUE-00130] [&amp#27;[1;94mjakarta.enterprise.web&amp#27;[0m] [tid: _ThreadID=1 _ThreadName=main] [timeMillis: 1669842014469] [levelValue: 800] Invalid Session Management Configuration for non-distributable app [test-591d051c-371b-4c8b-907d-5e296c37e2d3] - defaulting to memory: persistence-type = [hazelcast] / persistenceFrequency = [web-method] / persistenceScope = [modified-session]

[2022-11-30T16:00:14.502-0500] [] [&amp#27;[1;92mINFORMACIÓN&amp#27;[0m] [] [&amp#27;[1;94morg.glassfish.soteria.servlet.SamRegistrationInstaller&amp#27;[0m] [tid: _ThreadID=1 _ThreadName=main] [timeMillis: 1669842014502] [levelValue: 800] Initializing Soteria 3.0.0 for context '/test-591d051c-371b-4c8b-907d-5e296c37e2d3'

[2022-11-30T16:00:14.522-0500] [] [&amp#27;[1;92mINFORMACIÓN&amp#27;[0m] [AS-WEB-GLUE-00172] [&amp#27;[1;94mjakarta.enterprise.web&amp#27;[0m] [tid: _ThreadID=1 _ThreadName=main] [timeMillis: 1669842014522] [levelValue: 800] Loading application [test-591d051c-371b-4c8b-907d-5e296c37e2d3] at [/test-591d051c-371b-4c8b-907d-5e296c37e2d3]

[2022-11-30T16:00:14.540-0500] [] [&amp#27;[1;92mINFORMACIÓN&amp#27;[0m] [] [&amp#27;[1;94mPayaraMicro&amp#27;[0m] [tid: _ThreadID=1 _ThreadName=main] [timeMillis: 1669842014540] [levelValue: 800] [[
  {
    "Instance Configuration": {
        "Host": "192.168.60.243",
        "Http Port(s)": "8564",
        "Https Port(s)": "",
        "Instance Name": "Super-Lionfish",
        "Instance Group": "MicroShoal",
        "Hazelcast Member UUID": "78709fb1-2ac0-40ce-9509-651461f41f2f",
        "Deployed": [
            {
                "Name": "test-591d051c-371b-4c8b-907d-5e296c37e2d3",
                "Type": "war",
                "Context Root": "/test-591d051c-371b-4c8b-907d-5e296c37e2d3",
                "Mappings": {
                    "*.jspx": "jsp",
                    "/ArquillianServletRunnerEE9": "ArquillianServletRunnerEE9",
                    "*.jsp": "jsp",
                    "/": "default"
                }
            }
        ]
    }
}]]

[2022-11-30T16:00:14.542-0500] [] [&amp#27;[1;92mINFORMACIÓN&amp#27;[0m] [] [&amp#27;[1;94mPayaraMicro&amp#27;[0m] [tid: _ThreadID=1 _ThreadName=main] [timeMillis: 1669842014542] [levelValue: 800] [[
  
Payara Micro URLs:
http://192.168.60.243:8564/test-591d051c-371b-4c8b-907d-5e296c37e2d3

]]

[2022-11-30T16:00:14.542-0500] [] [&amp#27;[1;92mINFORMACIÓN&amp#27;[0m] [] [&amp#27;[1;94mPayaraMicro&amp#27;[0m] [tid: _ThreadID=1 _ThreadName=main] [timeMillis: 1669842014542] [levelValue: 800] Payara Micro  6.2022.1 #badassmicrofish (build 878) ready in 6,434 (ms)

[2022-11-30T16:00:14.977-0500] [] [&amp#27;[1;92mINFORMACIÓN&amp#27;[0m] [] [&amp#27;[1;94mcom.example.it.GreetingServiceTest&amp#27;[0m] [tid: _ThreadID=93 _ThreadName=http-thread-pool::http-listener(1)] [timeMillis: 1669842014977] [levelValue: 800]  Running test:: GreetingServiceTest#should_create_greeting ... 

]]></system-out>
    <system-err><![CDATA[nov. 30, 2022 4:00:07 P. M. fish.payara.arquillian.container.payara.managed.PayaraMicroDeployableContainer deploy
INFORMACIÓN: Starting Payara Micro using cmd: [/usr/local/jdk-11.0.9+11/bin/java, -jar, /home/avbravo/NetBeansProjects/j/jmoordb-corebookexamples/jmoordb-corebookexamples/backup/target/payara-micro.jar, --deploy, /tmp/arquillian-payara-micro8098762793291934501/deployments/test-591d051c-371b-4c8b-907d-5e296c37e2d3.war, --port, 8564, --autoBindHttp, --autoBindRange, 1000, --nocluster, --showServletMappings]
nov. 30, 2022 4:00:14 P. M. fish.payara.arquillian.container.payara.managed.PayaraMicroDeployableContainer deploy
INFORMACIÓN: Payara Micro running on host: 192.168.60.243 port: 8564
nov. 30, 2022 4:00:14 P. M. fish.payara.arquillian.container.payara.managed.PayaraMicroDeployableContainer printApplicationFound
INFORMACIÓN: Deployed application detected. Name: "test-591d051c-371b-4c8b-907d-5e296c37e2d3".
nov. 30, 2022 4:00:14 P. M. fish.payara.arquillian.container.payara.managed.PayaraMicroDeployableContainer printServletFound
INFORMACIÓN: 		Servlet found. Name: "jsp".
nov. 30, 2022 4:00:14 P. M. fish.payara.arquillian.container.payara.managed.PayaraMicroDeployableContainer printServletFound
INFORMACIÓN: 		Servlet found. Name: "ArquillianServletRunnerEE9".
nov. 30, 2022 4:00:14 P. M. fish.payara.arquillian.container.payara.managed.PayaraMicroDeployableContainer printServletFound
INFORMACIÓN: 		Servlet found. Name: "jsp".
nov. 30, 2022 4:00:14 P. M. fish.payara.arquillian.container.payara.managed.PayaraMicroDeployableContainer printServletFound
INFORMACIÓN: 		Servlet found. Name: "default".
]]></system-err>
  </testcase>
</testsuite>